-------------------------------------------------------------------------------
Test set: com.myjavablog.SpringBootDatabaseSecurityApplicationTests
-------------------------------------------------------------------------------
Tests run: 1, Failures: 0, Errors: 1, Skipped: 0, Time elapsed: 12.25 s <<< FAILURE! - in com.myjavablog.SpringBootDatabaseSecurityApplicationTests
contextLoads(com.myjavablog.SpringBootDatabaseSecurityApplicationTests)  Time elapsed: 0.003 s  <<< ERROR!
java.lang.IllegalStateException: Failed to load ApplicationContext
Caused by: org.springframework.beans.factory.UnsatisfiedDependencyException: Error creating bean with name 'entityManagerFactory' defined in class path resource [org/springframework/boot/autoconfigure/orm/jpa/HibernateJpaConfiguration.class]: Unsatisfied dependency expressed through method 'entityManagerFactory' parameter 0; nested exception is org.springframework.beans.factory.UnsatisfiedDependencyException: Error creating bean with name 'entityManagerFactoryBuilder' defined in class path resource [org/springframework/boot/autoconfigure/orm/jpa/HibernateJpaConfiguration.class]: Unsatisfied dependency expressed through method 'entityManagerFactoryBuilder' parameter 0; nested exception is org.springframework.beans.factory.BeanCreationException: Error creating bean with name 'jpaVendorAdapter' defined in class path resource [org/springframework/boot/autoconfigure/orm/jpa/HibernateJpaConfiguration.class]: Bean instantiation via factory method failed; nested exception is org.springframework.beans.BeanInstantiationException: Failed to instantiate [org.springframework.orm.jpa.JpaVendorAdapter]: Factory method 'jpaVendorAdapter' threw exception; nested exception is java.lang.RuntimeException: Driver org.h2.Driver claims to not accept jdbcUrl, ${H2_DATASOURCE}
Caused by: org.springframework.beans.factory.UnsatisfiedDependencyException: Error creating bean with name 'entityManagerFactoryBuilder' defined in class path resource [org/springframework/boot/autoconfigure/orm/jpa/HibernateJpaConfiguration.class]: Unsatisfied dependency expressed through method 'entityManagerFactoryBuilder' parameter 0; nested exception is org.springframework.beans.factory.BeanCreationException: Error creating bean with name 'jpaVendorAdapter' defined in class path resource [org/springframework/boot/autoconfigure/orm/jpa/HibernateJpaConfiguration.class]: Bean instantiation via factory method failed; nested exception is org.springframework.beans.BeanInstantiationException: Failed to instantiate [org.springframework.orm.jpa.JpaVendorAdapter]: Factory method 'jpaVendorAdapter' threw exception; nested exception is java.lang.RuntimeException: Driver org.h2.Driver claims to not accept jdbcUrl, ${H2_DATASOURCE}
Caused by: org.springframework.beans.factory.BeanCreationException: Error creating bean with name 'jpaVendorAdapter' defined in class path resource [org/springframework/boot/autoconfigure/orm/jpa/HibernateJpaConfiguration.class]: Bean instantiation via factory method failed; nested exception is org.springframework.beans.BeanInstantiationException: Failed to instantiate [org.springframework.orm.jpa.JpaVendorAdapter]: Factory method 'jpaVendorAdapter' threw exception; nested exception is java.lang.RuntimeException: Driver org.h2.Driver claims to not accept jdbcUrl, ${H2_DATASOURCE}
Caused by: org.springframework.beans.BeanInstantiationException: Failed to instantiate [org.springframework.orm.jpa.JpaVendorAdapter]: Factory method 'jpaVendorAdapter' threw exception; nested exception is java.lang.RuntimeException: Driver org.h2.Driver claims to not accept jdbcUrl, ${H2_DATASOURCE}
Caused by: java.lang.RuntimeException: Driver org.h2.Driver claims to not accept jdbcUrl, ${H2_DATASOURCE}

